env: load .env
env: export GEMINI_API_KEY EXPO_PUBLIC_FIREBASE_API_KEY EXPO_PUBLIC_FIREBASE_AUTH_DOMAIN EXPO_PUBLIC_FIREBASE_PROJECT_ID EXPO_PUBLIC_FIREBASE_STORAGE_BUCKET EXPO_PUBLIC_FIREBASE_MESSAGING_SENDER_ID EXPO_PUBLIC_FIREBASE_APP_ID EXPO_PUBLIC_FIREBASE_MEASUREMENT_ID EXPO_PUBLIC_API_BASE_URL
Starting project at C:\Users\Ahmed\OneDrive\Desktop\Graduation project\smart-pareting-assisstant\ParentAI
Starting Metro Bundler
warning: Bundler cache is empty, rebuilding (this may take a minute)
Waiting on http://localhost:8083
Logs for your project will appear below.
Web node_modules\expo-router\entry.js ▓▓░░░░░░░░░░░░░░ 16.0% ( 4/10)
λ node_modules\expo-router\node\render.js ▓▓▓░░░░░░░░░░░░░ 19.7% (110/254)
Web node_modules\expo-router\entry.js ▓▓▓▓░░░░░░░░░░░░ 29.5% (141/295)
λ node_modules\expo-router\node\render.js ▓▓▓▓▓▓▓░░░░░░░░░ 46.6% (655/960)
Web node_modules\expo-router\entry.js ▓▓▓▓▓░░░░░░░░░░░ 36.1% (443/766)
λ node_modules\expo-router\node\render.js ▓▓▓▓▓▓▓▓▓▓▓░░░░░ 72.3% (1146/1390)
Web node_modules\expo-router\entry.js ▓▓▓▓▓▓▓▓▓▓░░░░░░ 63.1% ( 882/1110)
λ node_modules\expo-router\node\render.js ▓▓▓▓▓▓▓▓▓▓▓▓░░░░ 77.1% (1426/1624)
Web node_modules\expo-router\entry.js ▓▓▓▓▓▓▓▓▓▓▓▓▓▓░░ 91.7% (1416/1479)
λ node_modules\expo-router\node\render.js ▓▓▓▓▓▓▓▓▓▓▓▓▓▓░░ 93.6% (1808/1869)
| Dynamic import at line 15: require(moduleName). This module may not work as intended when deployed to a runtime.
λ Bundled 17841ms node_modules\expo-router\node\render.js (1905 modules)
Firebase Messaging is not supported in this browser.
Web node_modules\expo-router\entry.js ▓▓▓▓▓▓▓▓▓▓▓▓▓▓▓░ 99.9% (1650/1650)
Web Bundled 21269ms node_modules\expo-router\entry.js (1650 modules)
Web node_modules\expo-router\entry.js ▓▓▓▓▓▓▓░░░░░░░░░ 46.4% (549/806)
Web node_modules\expo-router\entry.js ▓▓▓▓▓▓▓▓▓▓▓▓░░░░ 76.4% (1102/1261)
Web Bundling failed 9598ms node_modules\expo-router\entry.js (1610 modules)
Unable to resolve "expo-location" from "app\(drawer)\child-location.tsx"
[0m [90m 2 |[39m [36mimport[39m { [33mLinking[39m[33m,[39m [33mPlatform[39m[33m,[39m [33mScrollView[39m[33m,[39m [33mStyleSheet[39m[33m,[39m [33mText[39m[33m,[39m [33mTouchableOpacity[39m[33m,[39m [33mView[39m } [36mfrom[39m [32m'react-native'[39m[33m;[39m
 [90m 3 |[39m [36mimport[39m [33mFontAwesome[39m [36mfrom[39m [32m'@expo/vector-icons/FontAwesome'[39m[33m;[39m
[31m[1m>[22m[39m[90m 4 |[39m [36mimport[39m [33m*[39m [36mas[39m [33mLocation[39m [36mfrom[39m [32m'expo-location'[39m[33m;[39m
 [90m   |[39m                            [31m[1m^[22m[39m
 [90m 5 |[39m [36mimport[39m { collection[33m,[39m doc[33m,[39m getDocs[33m,[39m orderBy[33m,[39m query[33m,[39m serverTimestamp[33m,[39m setDoc } [36mfrom[39m [32m'firebase/firestore'[39m[33m;[39m
 [90m 6 |[39m [36mimport[39m { auth[33m,[39m db } [36mfrom[39m [32m'../../src/config/firebase-config'[39m[33m;[39m
 [90m 7 |[39m [36mimport[39m { [33mBorderRadius[39m[33m,[39m [33mColors[39m[33m,[39m [33mSpacing[39m[33m,[39m [33mTypography[39m } [36mfrom[39m [32m'../../src/constants/theme'[39m[33m;[39m[0m

Import stack:

 app\(drawer)\child-location.tsx
 | import "expo-location"

 app (require.context)

