env: load .env
env: export GEMINI_API_KEY EXPO_PUBLIC_FIREBASE_API_KEY EXPO_PUBLIC_FIREBASE_AUTH_DOMAIN EXPO_PUBLIC_FIREBASE_PROJECT_ID EXPO_PUBLIC_FIREBASE_STORAGE_BUCKET EXPO_PUBLIC_FIREBASE_MESSAGING_SENDER_ID EXPO_PUBLIC_FIREBASE_APP_ID EXPO_PUBLIC_FIREBASE_MEASUREMENT_ID EXPO_PUBLIC_API_BASE_URL
Starting project at C:\Users\Ahmed\OneDrive\Desktop\Graduation project\smart-pareting-assisstant\ParentAI
Starting Metro Bundler
warning: Bundler cache is empty, rebuilding (this may take a minute)
Waiting on http://localhost:8083
Logs for your project will appear below.
Web node_modules\expo-router\entry.js ▓▓▓▓░░░░░░░░░░░░ 25.0% ( 5/10)
λ node_modules\expo-router\node\render.js ▓▓░░░░░░░░░░░░░░ 13.8% ( 62/167)
Web node_modules\expo-router\entry.js ▓▓▓▓░░░░░░░░░░░░ 25.0% (103/264)
λ node_modules\expo-router\node\render.js ▓▓▓▓▓▓▓░░░░░░░░░ 46.0% (426/680)
Web node_modules\expo-router\entry.js ▓▓▓▓▓▓░░░░░░░░░░ 39.4% (428/682)
λ node_modules\expo-router\node\render.js ▓▓▓▓▓▓▓▓▓░░░░░░░ 60.7% ( 818/1071)
Web node_modules\expo-router\entry.js ▓▓▓▓▓▓▓▓░░░░░░░░ 53.6% (702/959)
λ node_modules\expo-router\node\render.js ▓▓▓▓▓▓▓▓▓▓▓░░░░░ 73.1% (1140/1333)
Web node_modules\expo-router\entry.js ▓▓▓▓▓▓▓▓▓▓▓▓░░░░ 80.8% (1163/1294)
λ node_modules\expo-router\node\render.js ▓▓▓▓▓▓▓▓▓▓▓▓▓▓░░ 87.7% (1524/1627)
| Dynamic import at line 15: require(moduleName). This module may not work as intended when deployed to a runtime.
λ Bundled 18503ms node_modules\expo-router\node\render.js (1789 modules)
Firebase Messaging is not supported in this browser.
Web node_modules\expo-router\entry.js ▓▓▓▓▓▓▓▓▓▓▓▓▓▓▓░ 99.9% (1472/1472)
Web Bundled 21437ms node_modules\expo-router\entry.js (1472 modules)
Web node_modules\expo-router\entry.js ▓▓▓▓▓▓▓▓▓▓▓░░░░░ 69.5% ( 891/1069)
Web Bundled 6153ms node_modules\expo-router\entry.js (1473 modules)
 LOG  [web] Logs will appear in the browser console
Web node_modules\expo-router\entry.js ░░░░░░░░░░░░░░░░  0.0% (0/1)
λ Bundled 113ms node_modules\expo-router\node\render.js (1 module)
Firebase Messaging is not supported in this browser.
Web node_modules\expo-router\entry.js ░░░░░░░░░░░░░░░░  0.0% (0/1)
Web Bundled 1441ms node_modules\expo-router\entry.js (1 module)
Unable to resolve "@react-native-async-storage/async-storage" from "src\components\HeaderLanguageButton.tsx"
[0m [90m 10 |[39m   [33mView[39m[33m,[39m
 [90m 11 |[39m } [36mfrom[39m [32m'react-native'[39m[33m;[39m
[31m[1m>[22m[39m[90m 12 |[39m [36mimport[39m [33mAsyncStorage[39m [36mfrom[39m [32m'@react-native-async-storage/async-storage'[39m[33m;[39m
 [90m    |[39m                           [31m[1m^[22m[39m
 [90m 13 |[39m [36mimport[39m { useTranslation } [36mfrom[39m [32m'react-i18next'[39m[33m;[39m
 [90m 14 |[39m [36mimport[39m { getStorageItem[33m,[39m setStorageItem[33m,[39m [33mSTORAGE_KEYS[39m } [36mfrom[39m [32m'../services/storageKeys'[39m[33m;[39m
 [90m 15 |[39m[0m

Import stack:

 src\components\HeaderLanguageButton.tsx
 | import "@react-native-async-storage/async-storage"

 app\(drawer)\_layout.tsx
 | import "../../src/components/HeaderLanguageButton"

 app (require.context)

 WARN  The package C:\Users\Ahmed\OneDrive\Desktop\Graduation project\smart-pareting-assisstant\ParentAI\node_modules\firebase\node_modules\@firebase\auth contains an invalid package.json configuration. Consider raising this issue with the package maintainer(s).
Reason: The resolution for "C:\Users\Ahmed\OneDrive\Desktop\Graduation project\smart-pareting-assisstant\ParentAI\node_modules\firebase\node_modules\@firebase\auth" defined in "exports" is C:\Users\Ahmed\OneDrive\Desktop\Graduation project\smart-pareting-assisstant\ParentAI\node_modules\firebase\node_modules\@firebase\auth\dist\esm2017\index.js, however this file does not exist. Falling back to file-based resolution.
Unable to resolve "@react-native-async-storage/async-storage" from "src\components\HeaderLanguageButton.tsx"
[0m [90m 10 |[39m   [33mView[39m[33m,[39m
 [90m 11 |[39m } [36mfrom[39m [32m'react-native'[39m[33m;[39m
[31m[1m>[22m[39m[90m 12 |[39m [36mimport[39m [33mAsyncStorage[39m [36mfrom[39m [32m'@react-native-async-storage/async-storage'[39m[33m;[39m
 [90m    |[39m                           [31m[1m^[22m[39m
 [90m 13 |[39m [36mimport[39m { useTranslation } [36mfrom[39m [32m'react-i18next'[39m[33m;[39m
 [90m 14 |[39m [36mimport[39m { getStorageItem[33m,[39m setStorageItem[33m,[39m [33mSTORAGE_KEYS[39m } [36mfrom[39m [32m'../services/storageKeys'[39m[33m;[39m
 [90m 15 |[39m[0m

Import stack:

 src\components\HeaderLanguageButton.tsx
 | import "@react-native-async-storage/async-storage"

 app\(drawer)\_layout.tsx
 | import "../../src/components/HeaderLanguageButton"

 app (require.context)

Unable to resolve "@react-native-async-storage/async-storage" from "src\components\HeaderLanguageButton.tsx"
[0m [90m 10 |[39m   [33mView[39m[33m,[39m
 [90m 11 |[39m } [36mfrom[39m [32m'react-native'[39m[33m;[39m
[31m[1m>[22m[39m[90m 12 |[39m [36mimport[39m [33mAsyncStorage[39m [36mfrom[39m [32m'@react-native-async-storage/async-storage'[39m[33m;[39m
 [90m    |[39m                           [31m[1m^[22m[39m
 [90m 13 |[39m [36mimport[39m { useTranslation } [36mfrom[39m [32m'react-i18next'[39m[33m;[39m
 [90m 14 |[39m [36mimport[39m { getStorageItem[33m,[39m setStorageItem[33m,[39m [33mSTORAGE_KEYS[39m } [36mfrom[39m [32m'../services/storageKeys'[39m[33m;[39m
 [90m 15 |[39m[0m

Import stack:

 src\components\HeaderLanguageButton.tsx
 | import "@react-native-async-storage/async-storage"

 app\(drawer)\_layout.tsx
 | import "../../src/components/HeaderLanguageButton"

 app (require.context)

Unable to resolve "@react-native-async-storage/async-storage" from "src\components\HeaderLanguageButton.tsx"
[0m [90m 10 |[39m   [33mView[39m[33m,[39m
 [90m 11 |[39m } [36mfrom[39m [32m'react-native'[39m[33m;[39m
[31m[1m>[22m[39m[90m 12 |[39m [36mimport[39m [33mAsyncStorage[39m [36mfrom[39m [32m'@react-native-async-storage/async-storage'[39m[33m;[39m
 [90m    |[39m                           [31m[1m^[22m[39m
 [90m 13 |[39m [36mimport[39m { useTranslation } [36mfrom[39m [32m'react-i18next'[39m[33m;[39m
 [90m 14 |[39m [36mimport[39m { getStorageItem[33m,[39m setStorageItem[33m,[39m [33mSTORAGE_KEYS[39m } [36mfrom[39m [32m'../services/storageKeys'[39m[33m;[39m
 [90m 15 |[39m[0m

Import stack:

 src\components\HeaderLanguageButton.tsx
 | import "@react-native-async-storage/async-storage"

 app\(drawer)\_layout.tsx
 | import "../../src/components/HeaderLanguageButton"

 app (require.context)

Unable to resolve "@react-native-async-storage/async-storage" from "src\components\HeaderLanguageButton.tsx"
[0m [90m 10 |[39m   [33mView[39m[33m,[39m
 [90m 11 |[39m } [36mfrom[39m [32m'react-native'[39m[33m;[39m
[31m[1m>[22m[39m[90m 12 |[39m [36mimport[39m [33mAsyncStorage[39m [36mfrom[39m [32m'@react-native-async-storage/async-storage'[39m[33m;[39m
 [90m    |[39m                           [31m[1m^[22m[39m
 [90m 13 |[39m [36mimport[39m { useTranslation } [36mfrom[39m [32m'react-i18next'[39m[33m;[39m
 [90m 14 |[39m [36mimport[39m { getStorageItem[33m,[39m setStorageItem[33m,[39m [33mSTORAGE_KEYS[39m } [36mfrom[39m [32m'../services/storageKeys'[39m[33m;[39m
 [90m 15 |[39m[0m

Import stack:

 src\components\HeaderLanguageButton.tsx
 | import "@react-native-async-storage/async-storage"

 app\(drawer)\_layout.tsx
 | import "../../src/components/HeaderLanguageButton"

 app (require.context)

Unable to resolve "@react-native-async-storage/async-storage" from "src\components\HeaderLanguageButton.tsx"
[0m [90m 10 |[39m   [33mView[39m[33m,[39m
 [90m 11 |[39m } [36mfrom[39m [32m'react-native'[39m[33m;[39m
[31m[1m>[22m[39m[90m 12 |[39m [36mimport[39m [33mAsyncStorage[39m [36mfrom[39m [32m'@react-native-async-storage/async-storage'[39m[33m;[39m
 [90m    |[39m                           [31m[1m^[22m[39m
 [90m 13 |[39m [36mimport[39m { useTranslation } [36mfrom[39m [32m'react-i18next'[39m[33m;[39m
 [90m 14 |[39m [36mimport[39m { getStorageItem[33m,[39m setStorageItem[33m,[39m [33mSTORAGE_KEYS[39m } [36mfrom[39m [32m'../services/storageKeys'[39m[33m;[39m
 [90m 15 |[39m[0m

Import stack:

 src\components\HeaderLanguageButton.tsx
 | import "@react-native-async-storage/async-storage"

 app\(drawer)\_layout.tsx
 | import "../../src/components/HeaderLanguageButton"

 app (require.context)

Unable to resolve "@react-native-async-storage/async-storage" from "src\components\HeaderLanguageButton.tsx"
[0m [90m 10 |[39m   [33mView[39m[33m,[39m
 [90m 11 |[39m } [36mfrom[39m [32m'react-native'[39m[33m;[39m
[31m[1m>[22m[39m[90m 12 |[39m [36mimport[39m [33mAsyncStorage[39m [36mfrom[39m [32m'@react-native-async-storage/async-storage'[39m[33m;[39m
 [90m    |[39m                           [31m[1m^[22m[39m
 [90m 13 |[39m [36mimport[39m { useTranslation } [36mfrom[39m [32m'react-i18next'[39m[33m;[39m
 [90m 14 |[39m [36mimport[39m { getStorageItem[33m,[39m setStorageItem[33m,[39m [33mSTORAGE_KEYS[39m } [36mfrom[39m [32m'../services/storageKeys'[39m[33m;[39m
 [90m 15 |[39m[0m

Import stack:

 src\components\HeaderLanguageButton.tsx
 | import "@react-native-async-storage/async-storage"

 app\(drawer)\_layout.tsx
 | import "../../src/components/HeaderLanguageButton"

 app (require.context)

Unable to resolve "@react-native-async-storage/async-storage" from "src\components\HeaderLanguageButton.tsx"
[0m [90m 10 |[39m   [33mView[39m[33m,[39m
 [90m 11 |[39m } [36mfrom[39m [32m'react-native'[39m[33m;[39m
[31m[1m>[22m[39m[90m 12 |[39m [36mimport[39m [33mAsyncStorage[39m [36mfrom[39m [32m'@react-native-async-storage/async-storage'[39m[33m;[39m
 [90m    |[39m                           [31m[1m^[22m[39m
 [90m 13 |[39m [36mimport[39m { useTranslation } [36mfrom[39m [32m'react-i18next'[39m[33m;[39m
 [90m 14 |[39m [36mimport[39m { getStorageItem[33m,[39m setStorageItem[33m,[39m [33mSTORAGE_KEYS[39m } [36mfrom[39m [32m'../services/storageKeys'[39m[33m;[39m
 [90m 15 |[39m[0m

Import stack:

 src\components\HeaderLanguageButton.tsx
 | import "@react-native-async-storage/async-storage"

 app\(drawer)\_layout.tsx
 | import "../../src/components/HeaderLanguageButton"

 app (require.context)

Unable to resolve "@react-native-async-storage/async-storage" from "src\components\HeaderLanguageButton.tsx"
[0m [90m 10 |[39m   [33mView[39m[33m,[39m
 [90m 11 |[39m } [36mfrom[39m [32m'react-native'[39m[33m;[39m
[31m[1m>[22m[39m[90m 12 |[39m [36mimport[39m [33mAsyncStorage[39m [36mfrom[39m [32m'@react-native-async-storage/async-storage'[39m[33m;[39m
 [90m    |[39m                           [31m[1m^[22m[39m
 [90m 13 |[39m [36mimport[39m { useTranslation } [36mfrom[39m [32m'react-i18next'[39m[33m;[39m
 [90m 14 |[39m [36mimport[39m { getStorageItem[33m,[39m setStorageItem[33m,[39m [33mSTORAGE_KEYS[39m } [36mfrom[39m [32m'../services/storageKeys'[39m[33m;[39m
 [90m 15 |[39m[0m

Import stack:

 src\components\HeaderLanguageButton.tsx
 | import "@react-native-async-storage/async-storage"

 app\(drawer)\_layout.tsx
 | import "../../src/components/HeaderLanguageButton"

 app (require.context)

Unable to resolve "@react-native-async-storage/async-storage" from "src\components\HeaderLanguageButton.tsx"
[0m [90m 10 |[39m   [33mView[39m[33m,[39m
 [90m 11 |[39m } [36mfrom[39m [32m'react-native'[39m[33m;[39m
[31m[1m>[22m[39m[90m 12 |[39m [36mimport[39m [33mAsyncStorage[39m [36mfrom[39m [32m'@react-native-async-storage/async-storage'[39m[33m;[39m
 [90m    |[39m                           [31m[1m^[22m[39m
 [90m 13 |[39m [36mimport[39m { useTranslation } [36mfrom[39m [32m'react-i18next'[39m[33m;[39m
 [90m 14 |[39m [36mimport[39m { getStorageItem[33m,[39m setStorageItem[33m,[39m [33mSTORAGE_KEYS[39m } [36mfrom[39m [32m'../services/storageKeys'[39m[33m;[39m
 [90m 15 |[39m[0m

Import stack:

 src\components\HeaderLanguageButton.tsx
 | import "@react-native-async-storage/async-storage"

 app\(drawer)\_layout.tsx
 | import "../../src/components/HeaderLanguageButton"

 app (require.context)

Unable to resolve "@react-native-async-storage/async-storage" from "src\components\HeaderLanguageButton.tsx"
[0m [90m 10 |[39m   [33mView[39m[33m,[39m
 [90m 11 |[39m } [36mfrom[39m [32m'react-native'[39m[33m;[39m
[31m[1m>[22m[39m[90m 12 |[39m [36mimport[39m [33mAsyncStorage[39m [36mfrom[39m [32m'@react-native-async-storage/async-storage'[39m[33m;[39m
 [90m    |[39m                           [31m[1m^[22m[39m
 [90m 13 |[39m [36mimport[39m { useTranslation } [36mfrom[39m [32m'react-i18next'[39m[33m;[39m
 [90m 14 |[39m [36mimport[39m { getStorageItem[33m,[39m setStorageItem[33m,[39m [33mSTORAGE_KEYS[39m } [36mfrom[39m [32m'../services/storageKeys'[39m[33m;[39m
 [90m 15 |[39m[0m

Import stack:

 src\components\HeaderLanguageButton.tsx
 | import "@react-native-async-storage/async-storage"

 app\(drawer)\_layout.tsx
 | import "../../src/components/HeaderLanguageButton"

 app (require.context)

Unable to resolve "@react-native-async-storage/async-storage" from "src\components\HeaderLanguageButton.tsx"
[0m [90m 10 |[39m   [33mView[39m[33m,[39m
 [90m 11 |[39m } [36mfrom[39m [32m'react-native'[39m[33m;[39m
[31m[1m>[22m[39m[90m 12 |[39m [36mimport[39m [33mAsyncStorage[39m [36mfrom[39m [32m'@react-native-async-storage/async-storage'[39m[33m;[39m
 [90m    |[39m                           [31m[1m^[22m[39m
 [90m 13 |[39m [36mimport[39m { useTranslation } [36mfrom[39m [32m'react-i18next'[39m[33m;[39m
 [90m 14 |[39m [36mimport[39m { getStorageItem[33m,[39m setStorageItem[33m,[39m [33mSTORAGE_KEYS[39m } [36mfrom[39m [32m'../services/storageKeys'[39m[33m;[39m
 [90m 15 |[39m[0m

Import stack:

 src\components\HeaderLanguageButton.tsx
 | import "@react-native-async-storage/async-storage"

 app\(drawer)\_layout.tsx
 | import "../../src/components/HeaderLanguageButton"

 app (require.context)

Unable to resolve "@react-native-async-storage/async-storage" from "src\components\HeaderLanguageButton.tsx"
[0m [90m 10 |[39m   [33mView[39m[33m,[39m
 [90m 11 |[39m } [36mfrom[39m [32m'react-native'[39m[33m;[39m
[31m[1m>[22m[39m[90m 12 |[39m [36mimport[39m [33mAsyncStorage[39m [36mfrom[39m [32m'@react-native-async-storage/async-storage'[39m[33m;[39m
 [90m    |[39m                           [31m[1m^[22m[39m
 [90m 13 |[39m [36mimport[39m { useTranslation } [36mfrom[39m [32m'react-i18next'[39m[33m;[39m
 [90m 14 |[39m [36mimport[39m { getStorageItem[33m,[39m setStorageItem[33m,[39m [33mSTORAGE_KEYS[39m } [36mfrom[39m [32m'../services/storageKeys'[39m[33m;[39m
 [90m 15 |[39m[0m

Import stack:

 src\components\HeaderLanguageButton.tsx
 | import "@react-native-async-storage/async-storage"

 app\(drawer)\_layout.tsx
 | import "../../src/components/HeaderLanguageButton"

 app (require.context)

Unable to resolve "@react-native-async-storage/async-storage" from "src\components\HeaderLanguageButton.tsx"
[0m [90m 10 |[39m   [33mView[39m[33m,[39m
 [90m 11 |[39m } [36mfrom[39m [32m'react-native'[39m[33m;[39m
[31m[1m>[22m[39m[90m 12 |[39m [36mimport[39m [33mAsyncStorage[39m [36mfrom[39m [32m'@react-native-async-storage/async-storage'[39m[33m;[39m
 [90m    |[39m                           [31m[1m^[22m[39m
 [90m 13 |[39m [36mimport[39m { useTranslation } [36mfrom[39m [32m'react-i18next'[39m[33m;[39m
 [90m 14 |[39m [36mimport[39m { getStorageItem[33m,[39m setStorageItem[33m,[39m [33mSTORAGE_KEYS[39m } [36mfrom[39m [32m'../services/storageKeys'[39m[33m;[39m
 [90m 15 |[39m[0m

Import stack:

 src\components\HeaderLanguageButton.tsx
 | import "@react-native-async-storage/async-storage"

 app\(drawer)\_layout.tsx
 | import "../../src/components/HeaderLanguageButton"

 app (require.context)

Unable to resolve "@react-native-async-storage/async-storage" from "src\components\HeaderLanguageButton.tsx"
[0m [90m 10 |[39m   [33mView[39m[33m,[39m
 [90m 11 |[39m } [36mfrom[39m [32m'react-native'[39m[33m;[39m
[31m[1m>[22m[39m[90m 12 |[39m [36mimport[39m [33mAsyncStorage[39m [36mfrom[39m [32m'@react-native-async-storage/async-storage'[39m[33m;[39m
 [90m    |[39m                           [31m[1m^[22m[39m
 [90m 13 |[39m [36mimport[39m { useTranslation } [36mfrom[39m [32m'react-i18next'[39m[33m;[39m
 [90m 14 |[39m [36mimport[39m { getStorageItem[33m,[39m setStorageItem[33m,[39m [33mSTORAGE_KEYS[39m } [36mfrom[39m [32m'../services/storageKeys'[39m[33m;[39m
 [90m 15 |[39m[0m

Import stack:

 src\components\HeaderLanguageButton.tsx
 | import "@react-native-async-storage/async-storage"

 app\(drawer)\_layout.tsx
 | import "../../src/components/HeaderLanguageButton"

 app (require.context)

Unable to resolve "@react-native-async-storage/async-storage" from "src\components\HeaderLanguageButton.tsx"
[0m [90m 10 |[39m   [33mView[39m[33m,[39m
 [90m 11 |[39m } [36mfrom[39m [32m'react-native'[39m[33m;[39m
[31m[1m>[22m[39m[90m 12 |[39m [36mimport[39m [33mAsyncStorage[39m [36mfrom[39m [32m'@react-native-async-storage/async-storage'[39m[33m;[39m
 [90m    |[39m                           [31m[1m^[22m[39m
 [90m 13 |[39m [36mimport[39m { useTranslation } [36mfrom[39m [32m'react-i18next'[39m[33m;[39m
 [90m 14 |[39m [36mimport[39m { getStorageItem[33m,[39m setStorageItem[33m,[39m [33mSTORAGE_KEYS[39m } [36mfrom[39m [32m'../services/storageKeys'[39m[33m;[39m
 [90m 15 |[39m[0m

Import stack:

 src\components\HeaderLanguageButton.tsx
 | import "@react-native-async-storage/async-storage"

 app\(drawer)\_layout.tsx
 | import "../../src/components/HeaderLanguageButton"

 app (require.context)

Unable to resolve "@react-native-async-storage/async-storage" from "src\components\HeaderLanguageButton.tsx"
[0m [90m 10 |[39m   [33mView[39m[33m,[39m
 [90m 11 |[39m } [36mfrom[39m [32m'react-native'[39m[33m;[39m
[31m[1m>[22m[39m[90m 12 |[39m [36mimport[39m [33mAsyncStorage[39m [36mfrom[39m [32m'@react-native-async-storage/async-storage'[39m[33m;[39m
 [90m    |[39m                           [31m[1m^[22m[39m
 [90m 13 |[39m [36mimport[39m { useTranslation } [36mfrom[39m [32m'react-i18next'[39m[33m;[39m
 [90m 14 |[39m [36mimport[39m { getStorageItem[33m,[39m setStorageItem[33m,[39m [33mSTORAGE_KEYS[39m } [36mfrom[39m [32m'../services/storageKeys'[39m[33m;[39m
 [90m 15 |[39m[0m

Import stack:

 src\components\HeaderLanguageButton.tsx
 | import "@react-native-async-storage/async-storage"

 app\(drawer)\_layout.tsx
 | import "../../src/components/HeaderLanguageButton"

 app (require.context)

Unable to resolve "@react-native-async-storage/async-storage" from "src\components\HeaderLanguageButton.tsx"
[0m [90m 10 |[39m   [33mView[39m[33m,[39m
 [90m 11 |[39m } [36mfrom[39m [32m'react-native'[39m[33m;[39m
[31m[1m>[22m[39m[90m 12 |[39m [36mimport[39m [33mAsyncStorage[39m [36mfrom[39m [32m'@react-native-async-storage/async-storage'[39m[33m;[39m
 [90m    |[39m                           [31m[1m^[22m[39m
 [90m 13 |[39m [36mimport[39m { useTranslation } [36mfrom[39m [32m'react-i18next'[39m[33m;[39m
 [90m 14 |[39m [36mimport[39m { getStorageItem[33m,[39m setStorageItem[33m,[39m [33mSTORAGE_KEYS[39m } [36mfrom[39m [32m'../services/storageKeys'[39m[33m;[39m
 [90m 15 |[39m[0m

Import stack:

 src\components\HeaderLanguageButton.tsx
 | import "@react-native-async-storage/async-storage"

 app\(drawer)\_layout.tsx
 | import "../../src/components/HeaderLanguageButton"

 app (require.context)

