env: load .env
env: export GEMINI_API_KEY
Starting project at C:\Users\Ahmed\OneDrive\Desktop\Graduation project\smart-pareting-assisstant\ParentAI
Starting Metro Bundler
warning: Bundler cache is empty, rebuilding (this may take a minute)
Waiting on http://localhost:8083
Logs for your project will appear below.
Web node_modules\expo-router\entry.js ▓░░░░░░░░░░░░░░░  9.0% ( 3/10)
λ node_modules\expo-router\node\render.js ▓░░░░░░░░░░░░░░░  9.6% ( 17/110)
Web node_modules\expo-router\entry.js ▓▓▓▓▓░░░░░░░░░░░ 31.6% ( 60/225)
λ node_modules\expo-router\node\render.js ▓▓▓▓▓▓░░░░░░░░░░ 37.9% (297/530)
Web node_modules\expo-router\entry.js ▓▓▓▓▓░░░░░░░░░░░ 36.4% (262/434)
λ node_modules\expo-router\node\render.js ▓▓▓▓▓▓░░░░░░░░░░ 39.9% (584/936)
Web node_modules\expo-router\entry.js ▓▓▓▓▓░░░░░░░░░░░ 36.4% (427/740)
λ node_modules\expo-router\node\render.js ▓▓▓▓▓▓▓▓░░░░░░░░ 53.0% ( 908/1265)
Web node_modules\expo-router\entry.js ▓▓▓▓▓▓░░░░░░░░░░ 42.4% ( 703/1079)
λ node_modules\expo-router\node\render.js ▓▓▓▓▓▓▓▓▓▓░░░░░░ 64.4% (1164/1450)
Web node_modules\expo-router\entry.js ▓▓▓▓▓▓▓▓▓▓░░░░░░ 63.3% (1060/1332)
λ node_modules\expo-router\node\render.js ▓▓▓▓▓▓▓▓▓▓░░░░░░ 68.5% (1446/1786)
Web node_modules\expo-router\entry.js ▓▓▓▓▓▓▓▓▓▓▓░░░░░ 73.4% (1340/1567)
λ node_modules\expo-router\node\render.js ▓▓▓▓▓▓▓▓▓▓▓▓▓░░░ 86.1% (1899/2047)
Web node_modules\expo-router\entry.js ▓▓▓▓▓▓▓▓▓▓▓▓▓▓▓░ 94.8% (1923/1975)
λ node_modules\expo-router\node\render.js ▓▓▓▓▓▓▓▓▓▓▓▓▓▓▓░ 98.5% (2348/2366)
| Dynamic import at line 15: require(moduleName). This module may not work as intended when deployed to a runtime.
λ Bundled 27567ms node_modules\expo-router\node\render.js (2369 modules)
Firebase Messaging is not supported in this browser.
Web node_modules\expo-router\entry.js ▓▓▓▓▓▓▓▓▓▓▓▓▓▓▓░ 99.9% (2024/2024)
Web Bundled 31528ms node_modules\expo-router\entry.js (2024 modules)
Web node_modules\expo-router\entry.js ▓▓▓▓▓▓▓▓░░░░░░░░ 50.4% ( 827/1165)
Web node_modules\expo-router\entry.js ▓▓▓▓▓▓▓▓▓▓▓▓▓░░░ 85.6% (1736/1876)
Web Bundled 7887ms node_modules\expo-router\entry.js (2025 modules)
 LOG  [web] Logs will appear in the browser console
