env: load .env
env: export GEMINI_API_KEY EXPO_PUBLIC_FIREBASE_API_KEY EXPO_PUBLIC_FIREBASE_AUTH_DOMAIN EXPO_PUBLIC_FIREBASE_PROJECT_ID EXPO_PUBLIC_FIREBASE_STORAGE_BUCKET EXPO_PUBLIC_FIREBASE_MESSAGING_SENDER_ID EXPO_PUBLIC_FIREBASE_APP_ID EXPO_PUBLIC_FIREBASE_MEASUREMENT_ID EXPO_PUBLIC_API_BASE_URL
Starting project at C:\Users\Ahmed\OneDrive\Desktop\Graduation project\smart-pareting-assisstant\ParentAI
Starting Metro Bundler
warning: Bundler cache is empty, rebuilding (this may take a minute)
Waiting on http://localhost:8083
Logs for your project will appear below.
Web node_modules\expo-router\entry.js ▓▓▓▓░░░░░░░░░░░░ 25.0% ( 5/10)
λ node_modules\expo-router\node\render.js ▓░░░░░░░░░░░░░░░  9.6% ( 32/151)
Web node_modules\expo-router\entry.js ▓▓▓▓▓░░░░░░░░░░░ 33.3% (110/274)
λ node_modules\expo-router\node\render.js ▓▓▓▓▓▓░░░░░░░░░░ 40.0% (510/806)
Web node_modules\expo-router\entry.js ▓▓▓▓▓░░░░░░░░░░░ 35.3% (368/654)
λ node_modules\expo-router\node\render.js ▓▓▓▓▓▓▓▓▓▓░░░░░░ 64.2% ( 947/1182)
Web node_modules\expo-router\entry.js ▓▓▓▓▓▓▓▓░░░░░░░░ 54.2% ( 730/1005)
λ node_modules\expo-router\node\render.js ▓▓▓▓▓▓▓▓▓▓▓░░░░░ 72.9% (1241/1480)
Web node_modules\expo-router\entry.js ▓▓▓▓▓▓▓▓▓▓▓▓▓░░░ 83.1% (1183/1298)
λ node_modules\expo-router\node\render.js ▓▓▓▓▓▓▓▓▓▓▓▓▓▓░░ 89.4% (1623/1717)
| Dynamic import at line 15: require(moduleName). This module may not work as intended when deployed to a runtime.
λ Bundled 18703ms node_modules\expo-router\node\render.js (1869 modules)
Firebase Messaging is not supported in this browser.
Web node_modules\expo-router\entry.js ▓▓▓▓▓▓▓▓▓▓▓▓▓▓▓░ 99.9% (1620/1621)
Web Bundled 21618ms node_modules\expo-router\entry.js (1621 modules)
Web node_modules\expo-router\entry.js ▓▓▓▓▓▓▓▓▓▓░░░░░░ 64.6% ( 969/1206)
Web Bundled 5833ms node_modules\expo-router\entry.js (1622 modules)
 LOG  [web] Logs will appear in the browser console
Web node_modules\expo-router\entry.js ░░░░░░░░░░░░░░░░  0.0% (0/1)
λ Bundled 68ms node_modules\expo-router\node\render.js (1 module)
Firebase Messaging is not supported in this browser.
Web node_modules\expo-router\entry.js ░░░░░░░░░░░░░░░░  0.0% (0/1)
Web Bundled 715ms node_modules\expo-router\entry.js (1 module)
Web Bundled 56ms node_modules\expo-router\entry.js (1 module)
 LOG  [web] Logs will appear in the browser console
Web node_modules\expo-router\entry.js ░░░░░░░░░░░░░░░░  0.0% (0/1)
λ Bundled 344ms node_modules\expo-router\node\render.js (1 module)
Firebase Messaging is not supported in this browser.
Web node_modules\expo-router\entry.js ░░░░░░░░░░░░░░░░  0.0% (0/1)
Web Bundled 1253ms node_modules\expo-router\entry.js (1 module)
Web Bundled 62ms node_modules\expo-router\entry.js (1 module)
 LOG  [web] Logs will appear in the browser console
Web node_modules\expo-router\entry.js ░░░░░░░░░░░░░░░░  0.0% (0/1)
Web Bundled 268ms node_modules\expo-router\entry.js (1 module)
λ Bundled 310ms node_modules\expo-router\node\render.js (1 module)
Firebase Messaging is not supported in this browser.
Web Bundled 58ms node_modules\expo-router\entry.js (1 module)
 LOG  [web] Logs will appear in the browser console
