env: load .env
env: export GEMINI_API_KEY EXPO_PUBLIC_FIREBASE_API_KEY EXPO_PUBLIC_FIREBASE_AUTH_DOMAIN EXPO_PUBLIC_FIREBASE_PROJECT_ID EXPO_PUBLIC_FIREBASE_STORAGE_BUCKET EXPO_PUBLIC_FIREBASE_MESSAGING_SENDER_ID EXPO_PUBLIC_FIREBASE_APP_ID EXPO_PUBLIC_FIREBASE_MEASUREMENT_ID EXPO_PUBLIC_API_BASE_URL
Starting project at C:\Users\Ahmed\OneDrive\Desktop\Graduation project\smart-pareting-assisstant\ParentAI
Starting Metro Bundler
warning: Bundler cache is empty, rebuilding (this may take a minute)
Waiting on http://localhost:8083
Logs for your project will appear below.
Web node_modules\expo-router\entry.js ▓▓░░░░░░░░░░░░░░ 16.0% ( 4/10)
λ node_modules\expo-router\node\render.js ▓░░░░░░░░░░░░░░░  8.2% ( 23/115)
Web node_modules\expo-router\entry.js ▓▓▓▓░░░░░░░░░░░░ 25.0% (123/292)
λ node_modules\expo-router\node\render.js ▓▓▓▓▓▓▓░░░░░░░░░ 44.3% (439/755)
Web node_modules\expo-router\entry.js ▓▓▓▓▓░░░░░░░░░░░ 35.4% (443/745)
λ node_modules\expo-router\node\render.js ▓▓▓▓▓▓▓▓▓▓░░░░░░ 67.2% ( 895/1092)
Web node_modules\expo-router\entry.js ▓▓▓▓▓▓▓▓░░░░░░░░ 51.4% ( 728/1015)
λ node_modules\expo-router\node\render.js ▓▓▓▓▓▓▓▓▓▓▓░░░░░ 73.2% (1206/1416)
Web node_modules\expo-router\entry.js ▓▓▓▓▓▓▓▓▓▓▓▓▓░░░ 82.2% (1138/1255)
λ node_modules\expo-router\node\render.js ▓▓▓▓▓▓▓▓▓▓▓▓▓░░░ 82.2% (1519/1675)
| Dynamic import at line 15: require(moduleName). This module may not work as intended when deployed to a runtime.
λ Bundling failed 18919ms node_modules\expo-router\node\render.js (1898 modules)

Metro error: Importing native-only module "react-native/Libraries/Utilities/codegenNativeCommands" on web from: node_modules\react-native-maps\lib\MapMarkerNativeComponent.js

Import stack:

 node_modules\react-native-maps\lib\MapMarkerNativeComponent.js
 | import "react-native/Libraries/Utilities/codegenNativeCommands"
           ^ Importing react-native internals is not supported on web.

 node_modules\react-native-maps\lib\MapMarker.js
 | import "./MapMarkerNativeComponent"

 node_modules\react-native-maps\lib\index.js
 | import "./MapMarker"

 app\(drawer)\child-location.tsx
 | import "react-native-maps"

 app (require.context)



Web node_modules\expo-router\entry.js ▓▓▓▓▓▓▓▓▓▓▓▓▓▓▓░ 98.5% (1618/1630)
Web Bundling failed 19002ms node_modules\expo-router\entry.js (1630 modules)
Web Bundled 302ms node_modules\expo-router\_error.js (323 modules)
 LOG  [web] Logs will appear in the browser console
